<?xml version="1.0" encoding="UTF-8"?>
<!-- Generated by org.testng.reporters.JUnitReportReporter -->
<testsuite hostname="DESKTOP-KLPVNI5" failures="0" tests="1" name="org.testng.LearningTest" time="1.468" errors="0" timestamp="25 Jun 2024 12:16:13 GMT" skipped="0">
  <testcase classname="org.testng.LearningTest" name="maintest" time="1.468"/>
</testsuite> <!-- org.testng.LearningTest -->
